{"/Users/pablogaeta/Personal/classes/cse115a/group/cruzcal/backend/src/app.js": {"path":"/Users/pablogaeta/Personal/classes/cse115a/group/cruzcal/backend/src/app.js","statementMap":{"0":{"start":{"line":1,"column":16},"end":{"line":1,"column":34}},"1":{"start":{"line":2,"column":13},"end":{"line":2,"column":28}},"2":{"start":{"line":3,"column":18},"end":{"line":3,"column":47}},"3":{"start":{"line":4,"column":25},"end":{"line":4,"column":61}},"4":{"start":{"line":6,"column":15},"end":{"line":6,"column":34}},"5":{"start":{"line":10,"column":12},"end":{"line":10,"column":21}},"6":{"start":{"line":11,"column":0},"end":{"line":11,"column":16}},"7":{"start":{"line":12,"column":0},"end":{"line":12,"column":24}},"8":{"start":{"line":13,"column":0},"end":{"line":13,"column":47}},"9":{"start":{"line":17,"column":12},"end":{"line":17,"column":42}},"10":{"start":{"line":18,"column":0},"end":{"line":18,"column":60}},"11":{"start":{"line":19,"column":0},"end":{"line":25,"column":2}},"12":{"start":{"line":33,"column":0},"end":{"line":33,"column":21}}},"fnMap":{},"branchMap":{},"s":{"0":2,"1":2,"2":2,"3":2,"4":2,"5":2,"6":2,"7":2,"8":2,"9":2,"10":2,"11":2,"12":2},"f":{},"b":{},"_coverageSchema":"1a1c01bbd47fc00a2c39e90264f33305004495a9","hash":"07b85a00d5a719dc7e3f14ec6bfb597b5ed4e0d8"}
,"/Users/pablogaeta/Personal/classes/cse115a/group/cruzcal/backend/src/routes.js": {"path":"/Users/pablogaeta/Personal/classes/cse115a/group/cruzcal/backend/src/routes.js","statementMap":{"0":{"start":{"line":1,"column":11},"end":{"line":1,"column":26}}},"fnMap":{},"branchMap":{},"s":{"0":2},"f":{},"b":{},"_coverageSchema":"1a1c01bbd47fc00a2c39e90264f33305004495a9","hash":"6f71ce70549794666b24d418b596c49e39e0476a"}
,"/Users/pablogaeta/Personal/classes/cse115a/group/cruzcal/backend/src/db/index.js": {"path":"/Users/pablogaeta/Personal/classes/cse115a/group/cruzcal/backend/src/db/index.js","statementMap":{"0":{"start":{"line":1,"column":20},"end":{"line":1,"column":40}},"1":{"start":{"line":2,"column":16},"end":{"line":2,"column":34}},"2":{"start":{"line":6,"column":18},"end":{"line":15,"column":1}},"3":{"start":{"line":17,"column":22},"end":{"line":19,"column":1}},"4":{"start":{"line":21,"column":0},"end":{"line":23,"column":1}},"5":{"start":{"line":22,"column":1},"end":{"line":22,"column":25}},"6":{"start":{"line":25,"column":0},"end":{"line":25,"column":17}},"7":{"start":{"line":27,"column":0},"end":{"line":27,"column":27}}},"fnMap":{},"branchMap":{},"s":{"0":3,"1":3,"2":3,"3":3,"4":3,"5":3,"6":3,"7":3},"f":{},"b":{},"_coverageSchema":"1a1c01bbd47fc00a2c39e90264f33305004495a9","hash":"570a9ae7716f3118b9705eba2337db5258807521"}
,"/Users/pablogaeta/Personal/classes/cse115a/group/cruzcal/backend/src/db/setup.js": {"path":"/Users/pablogaeta/Personal/classes/cse115a/group/cruzcal/backend/src/db/setup.js","statementMap":{"0":{"start":{"line":1,"column":0},"end":{"line":3,"column":1}}},"fnMap":{"0":{"name":"(anonymous_0)","decl":{"start":{"line":1,"column":16},"end":{"line":1,"column":17}},"loc":{"start":{"line":1,"column":37},"end":{"line":3,"column":1}},"line":1}},"branchMap":{},"s":{"0":3},"f":{"0":3},"b":{},"_coverageSchema":"1a1c01bbd47fc00a2c39e90264f33305004495a9","hash":"5566c558ddcc94d996b11d5ef7e0490cc60e78bb"}
,"/Users/pablogaeta/Personal/classes/cse115a/group/cruzcal/backend/src/db/models/CourseInfo.model.js": {"path":"/Users/pablogaeta/Personal/classes/cse115a/group/cruzcal/backend/src/db/models/CourseInfo.model.js","statementMap":{"0":{"start":{"line":1,"column":20},"end":{"line":1,"column":40}},"1":{"start":{"line":5,"column":0},"end":{"line":32,"column":2}},"2":{"start":{"line":6,"column":2},"end":{"line":31,"column":4}}},"fnMap":{"0":{"name":"(anonymous_0)","decl":{"start":{"line":5,"column":17},"end":{"line":5,"column":18}},"loc":{"start":{"line":5,"column":37},"end":{"line":32,"column":1}},"line":5}},"branchMap":{},"s":{"0":3,"1":3,"2":3},"f":{"0":3},"b":{},"_coverageSchema":"1a1c01bbd47fc00a2c39e90264f33305004495a9","hash":"8f66b84ec97ef044687972d9ea97e617b523d5e9"}
}
