TN:
SF:src/app.js
FNF:0
FNH:0
DA:1,2
DA:2,2
DA:3,2
DA:4,2
DA:6,2
DA:10,2
DA:11,2
DA:12,2
DA:13,2
DA:17,2
DA:18,2
DA:19,2
DA:33,2
LF:13
LH:13
BRF:0
BRH:0
end_of_record
TN:
SF:src/routes.js
FNF:0
FNH:0
DA:1,2
LF:1
LH:1
BRF:0
BRH:0
end_of_record
TN:
SF:src/db/index.js
FNF:0
FNH:0
DA:1,3
DA:2,3
DA:6,3
DA:17,3
DA:21,3
DA:22,3
DA:25,3
DA:27,3
LF:8
LH:8
BRF:0
BRH:0
end_of_record
TN:
SF:src/db/setup.js
FN:1,(anonymous_0)
FNF:1
FNH:1
FNDA:3,(anonymous_0)
DA:1,3
LF:1
LH:1
BRF:0
BRH:0
end_of_record
TN:
SF:src/db/models/CourseInfo.model.js
FN:5,(anonymous_0)
FNF:1
FNH:1
FNDA:3,(anonymous_0)
DA:1,3
DA:5,3
DA:6,3
LF:3
LH:3
BRF:0
BRH:0
end_of_record
